0 info it worked if it ends with ok
1 verbose cli [ '/usr/local/bin/node', '/usr/local/bin/npm', 'run', 'test' ]
2 info using npm@3.10.8
3 info using node@v6.7.0
4 verbose run-script [ 'pretest', 'test', 'posttest' ]
5 info lifecycle vuex-notes-app@1.0.0~pretest: vuex-notes-app@1.0.0
6 silly lifecycle vuex-notes-app@1.0.0~pretest: no script for pretest, continuing
7 info lifecycle vuex-notes-app@1.0.0~test: vuex-notes-app@1.0.0
8 verbose lifecycle vuex-notes-app@1.0.0~test: unsafe-perm in lifecycle true
9 verbose lifecycle vuex-notes-app@1.0.0~test: PATH: /usr/local/lib/node_modules/npm/bin/node-gyp-bin:/Users/jjuszczak/Projekte/Privat/vuex-notes-app/node_modules/.bin:/Users/jjuszczak/.rvm/gems/ruby-2.3.1/bin:/Users/jjuszczak/.rvm/gems/ruby-2.3.1@global/bin:/Users/jjuszczak/.rvm/rubies/ruby-2.3.1/bin:/Users/jjuszczak/.rvm/bin:/usr/local/opt/go/libexec/bin:/Users/jjuszczak/.go/bin:/Users/jjuszczak/bin:/Users/jjuszczak/.composer/vendor/bin:/usr/local/bin:/usr/local/sbin:/usr/bin:/usr/local/git/bin:/usr/local/opt/coreutils/libexec/gnubin:/bin:/usr/sbin:/sbin:/opt/X11/bin:/usr/local/m-cli:/usr/local/MacGPG2/bin:/Users/jjuszczak/.composer/vendor/bin:/usr/local/opt/fzf/bin
10 verbose lifecycle vuex-notes-app@1.0.0~test: CWD: /Users/jjuszczak/Projekte/Privat/vuex-notes-app
11 silly lifecycle vuex-notes-app@1.0.0~test: Args: [ '-c', 'karma start karma.conf.js' ]
12 silly lifecycle vuex-notes-app@1.0.0~test: Returned: code: 1  signal: null
13 info lifecycle vuex-notes-app@1.0.0~test: Failed to exec test script
14 verbose stack Error: vuex-notes-app@1.0.0 test: `karma start karma.conf.js`
14 verbose stack Exit status 1
14 verbose stack     at EventEmitter.<anonymous> (/usr/local/lib/node_modules/npm/lib/utils/lifecycle.js:255:16)
14 verbose stack     at emitTwo (events.js:106:13)
14 verbose stack     at EventEmitter.emit (events.js:191:7)
14 verbose stack     at ChildProcess.<anonymous> (/usr/local/lib/node_modules/npm/lib/utils/spawn.js:40:14)
14 verbose stack     at emitTwo (events.js:106:13)
14 verbose stack     at ChildProcess.emit (events.js:191:7)
14 verbose stack     at maybeClose (internal/child_process.js:877:16)
14 verbose stack     at Process.ChildProcess._handle.onexit (internal/child_process.js:226:5)
15 verbose pkgid vuex-notes-app@1.0.0
16 verbose cwd /Users/jjuszczak/Projekte/Privat/vuex-notes-app
17 error Darwin 15.6.0
18 error argv "/usr/local/bin/node" "/usr/local/bin/npm" "run" "test"
19 error node v6.7.0
20 error npm  v3.10.8
21 error code ELIFECYCLE
22 error vuex-notes-app@1.0.0 test: `karma start karma.conf.js`
22 error Exit status 1
23 error Failed at the vuex-notes-app@1.0.0 test script 'karma start karma.conf.js'.
23 error Make sure you have the latest version of node.js and npm installed.
23 error If you do, this is most likely a problem with the vuex-notes-app package,
23 error not with npm itself.
23 error Tell the author that this fails on your system:
23 error     karma start karma.conf.js
23 error You can get information on how to open an issue for this project with:
23 error     npm bugs vuex-notes-app
23 error Or if that isn't available, you can get their info via:
23 error     npm owner ls vuex-notes-app
23 error There is likely additional logging output above.
24 verbose exit [ 1, true ]
